<?xml version="1.0" encoding="UTF-8"?>
<!-- Generated by org.testng.reporters.JUnitReportReporter -->
<testsuite skipped="0" hostname="Vimal-Verma" name="RestAssured.getData" tests="2" failures="0" timestamp="23 Apr 2018 05:00:42 GMT" time="4.050" errors="0">
  <testcase name="ResponseCode" time="3.591" classname="RestAssured.getData"/>
  <testcase name="ResposeBody" time="0.459" classname="RestAssured.getData"/>
</testsuite> <!-- RestAssured.getData -->
